<?xml version="1.0" encoding="UTF-8"?>
<testsuite xmlns:xsi="http://www.w3.org/2001/XMLSchema-instance" xsi:noNamespaceSchemaLocation="https://maven.apache.org/surefire/maven-surefire-plugin/xsd/surefire-test-report.xsd" name="com.core.example.java9.features.OptionalExampleTest" time="0.017" tests="1" errors="0" skipped="0" failures="1">
  <properties>
    <property name="java.specification.version" value="23"/>
    <property name="sun.cpu.isalist" value="amd64"/>
    <property name="sun.jnu.encoding" value="Cp1252"/>
    <property name="java.class.path" value="D:\practice\JAVA_SPACE\EXAMPLES\coreexample\target\test-classes;D:\practice\JAVA_SPACE\EXAMPLES\coreexample\target\classes;C:\Users\karla\.m2\repository\junit\junit\4.11\junit-4.11.jar;C:\Users\karla\.m2\repository\org\hamcrest\hamcrest-core\1.3\hamcrest-core-1.3.jar;"/>
    <property name="java.vm.vendor" value="Oracle Corporation"/>
    <property name="sun.arch.data.model" value="64"/>
    <property name="user.variant" value=""/>
    <property name="java.vendor.url" value="https://java.oracle.com/"/>
    <property name="user.timezone" value="Asia/Calcutta"/>
    <property name="os.name" value="Windows 11"/>
    <property name="java.vm.specification.version" value="23"/>
    <property name="user.country" value="IN"/>
    <property name="sun.java.launcher" value="SUN_STANDARD"/>
    <property name="sun.boot.library.path" value="D:\SPACE\TECH_DOWNLODS\jdk-23\bin"/>
    <property name="sun.java.command" value="C:\Users\karla\AppData\Local\Temp\surefire16675636823796884310\surefirebooter11729192883871748550.jar C:\Users\karla\AppData\Local\Temp\surefire16675636823796884310 2024-10-01T08-15-05_497-jvmRun1 surefire9555876805136409766tmp surefire_01057509797115739794tmp"/>
    <property name="jdk.debug" value="release"/>
    <property name="test" value="com.core.example.java9.features.OptionalExampleTest"/>
    <property name="surefire.test.class.path" value="D:\practice\JAVA_SPACE\EXAMPLES\coreexample\target\test-classes;D:\practice\JAVA_SPACE\EXAMPLES\coreexample\target\classes;C:\Users\karla\.m2\repository\junit\junit\4.11\junit-4.11.jar;C:\Users\karla\.m2\repository\org\hamcrest\hamcrest-core\1.3\hamcrest-core-1.3.jar;"/>
    <property name="sun.cpu.endian" value="little"/>
    <property name="user.home" value="C:\Users\karla"/>
    <property name="user.language" value="en"/>
    <property name="java.specification.vendor" value="Oracle Corporation"/>
    <property name="java.version.date" value="2024-09-17"/>
    <property name="java.home" value="D:\SPACE\TECH_DOWNLODS\jdk-23"/>
    <property name="file.separator" value="\"/>
    <property name="basedir" value="D:\practice\JAVA_SPACE\EXAMPLES\coreexample"/>
    <property name="java.vm.compressedOopsMode" value="Zero based"/>
    <property name="line.separator" value="&#10;"/>
    <property name="java.vm.specification.vendor" value="Oracle Corporation"/>
    <property name="java.specification.name" value="Java Platform API Specification"/>
    <property name="surefire.real.class.path" value="C:\Users\karla\AppData\Local\Temp\surefire16675636823796884310\surefirebooter11729192883871748550.jar"/>
    <property name="user.script" value=""/>
    <property name="sun.management.compiler" value="HotSpot 64-Bit Tiered Compilers"/>
    <property name="java.runtime.version" value="23+37-2369"/>
    <property name="user.name" value="karla"/>
    <property name="stdout.encoding" value="Cp1252"/>
    <property name="path.separator" value=";"/>
    <property name="os.version" value="10.0"/>
    <property name="java.runtime.name" value="Java(TM) SE Runtime Environment"/>
    <property name="file.encoding" value="UTF-8"/>
    <property name="java.vm.name" value="Java HotSpot(TM) 64-Bit Server VM"/>
    <property name="maven.ext.class.path" value="C:\Users\karla\.vscode\extensions\oracle.oracle-java-22.1.2\nbcode\java\maven-nblib\netbeans-eventspy.jar"/>
    <property name="localRepository" value="C:\Users\karla\.m2\repository"/>
    <property name="java.vendor.url.bug" value="https://bugreport.java.com/bugreport/"/>
    <property name="java.io.tmpdir" value="C:\Users\karla\AppData\Local\Temp\"/>
    <property name="java.version" value="23"/>
    <property name="user.dir" value="D:\practice\JAVA_SPACE\EXAMPLES\coreexample"/>
    <property name="os.arch" value="amd64"/>
    <property name="java.vm.specification.name" value="Java Virtual Machine Specification"/>
    <property name="sun.os.patch.level" value=""/>
    <property name="native.encoding" value="Cp1252"/>
    <property name="java.library.path" value="D:\SPACE\TECH_DOWNLODS\jdk-23\bin;C:\Windows\Sun\Java\bin;C:\Windows\system32;C:\Windows;C:\Windows\system32;C:\Windows;C:\Windows\System32\Wbem;C:\Windows\System32\WindowsPowerShell\v1.0\;C:\Windows\System32\OpenSSH\;D:\SPACE\TECH_DOWNLODS\installation\Git\cmd;C:\Users\karla\AppData\Local\Microsoft\WindowsApps;D:\SPACE\TECH_DOWNLODS\jdk-23\bin;D:\SPACE\TECH_DOWNLODS\apache-maven-3.9.9\bin;C:\Users\karla\AppData\Local\GitHubDesktop\bin;."/>
    <property name="java.vm.info" value="mixed mode, sharing"/>
    <property name="stderr.encoding" value="Cp1252"/>
    <property name="java.vendor" value="Oracle Corporation"/>
    <property name="java.vm.version" value="23+37-2369"/>
    <property name="sun.io.unicode.encoding" value="UnicodeLittle"/>
    <property name="java.class.version" value="67.0"/>
  </properties>
  <testcase name="testOptionalExample_01_ValuePresent" classname="com.core.example.java9.features.OptionalExampleTest" time="0.008">
    <failure message="expected:&lt;...ue is present: Hello[]&#10;&gt; but was:&lt;...ue is present: Hello[&#13;]&#10;&gt;" type="org.junit.ComparisonFailure"><![CDATA[org.junit.ComparisonFailure: 
expected:<...ue is present: Hello[]
> but was:<...ue is present: Hello[]
>
	at com.core.example.java9.features.OptionalExampleTest.testOptionalExample_01_ValuePresent(OptionalExampleTest.java:26)
]]></failure>
  </testcase>
</testsuite>